<?xml version="1.0" encoding="UTF-8"?>
<!-- Generated by org.testng.reporters.JUnitReportReporter -->
<testsuite hostname="LAPTOP-3ECM99MI" failures="0" tests="3" name="annotations.TestNGAnnotations" time="0.126" errors="0" timestamp="2023-09-26T12:47:30 IST" skipped="0">
  <testcase classname="annotations.TestNGAnnotations" name="titleTest" time="0.045">
    <system-out>
      <![CDATA[title]]>
    </system-out>
  </testcase> <!-- titleTest -->
  <testcase classname="annotations.TestNGAnnotations" name="task" time="0.050">
    <system-out>
      <![CDATA[task]]>
    </system-out>
  </testcase> <!-- task -->
  <testcase classname="annotations.TestNGAnnotations" name="users" time="0.031">
    <system-out>
      <![CDATA[user]]>
    </system-out>
  </testcase> <!-- users -->
  <system-out>
    <![CDATA[setup for chrome
launch chrome browser
enterurl
loginApp
task
logout
loginApp
title
logout
loginApp
user
logout
closeBrowser
deleteAllCookes
Report should be generate]]>
  </system-out>
</testsuite> <!-- annotations.TestNGAnnotations -->
