<?xml version="1.0" encoding="UTF-8"?>
<!-- Generated by org.testng.reporters.JUnitReportReporter -->
<testsuite hostname="LAPTOP-3ECM99MI" failures="0" tests="5" name="annotations.ActiTimeLoginTest" time="137.303" errors="0" timestamp="2023-09-29T22:18:01 IST" skipped="0">
  <testcase classname="annotations.ActiTimeLoginTest" name="ActiTimeTitle" time="27.990">
    <system-out>
      <![CDATA[actiTIME - Login]]>
    </system-out>
  </testcase> <!-- ActiTimeTitle -->
  <testcase classname="annotations.ActiTimeLoginTest" name="userName" time="30.531"/>
  <testcase classname="annotations.ActiTimeLoginTest" name="test1" time="27.609"/>
  <testcase classname="annotations.ActiTimeLoginTest" name="test2" time="28.481"/>
  <testcase classname="annotations.ActiTimeLoginTest" name="test3" time="22.692"/>
  <system-out>
    <![CDATA[actiTIME - Login]]>
  </system-out>
</testsuite> <!-- annotations.ActiTimeLoginTest -->
